This is pdfTeX, Version 3.14159265-2.6-1.40.21 (MiKTeX 20.7) (preloaded format=pdflatex 2020.9.13)  25 JAN 2021 04:40
entering extended mode
**"./Notas de C.tex"
("Notas de C.tex"
LaTeX2e <2020-02-02> patch level 5
L3 programming layer <2020-09-03>
(E:\Users\logan\AppData\Local\Programs\MiKTeX\tex/latex/base\article.cls
Document Class: article 2019/12/20 v1.4l Standard LaTeX document class
(E:\Users\logan\AppData\Local\Programs\MiKTeX\tex/latex/base\size10.clo
File: size10.clo 2019/12/20 v1.4l Standard LaTeX file (size option)
)
\c@part=\count168
\c@section=\count169
\c@subsection=\count170
\c@subsubsection=\count171
\c@paragraph=\count172
\c@subparagraph=\count173
\c@figure=\count174
\c@table=\count175
\abovecaptionskip=\skip47
\belowcaptionskip=\skip48
\bibindent=\dimen134
)
(E:\Users\logan\AppData\Local\Programs\MiKTeX\tex/latex/base\inputenc.sty
Package: inputenc 2018/08/11 v1.3c Input encoding file
\inpenc@prehook=\toks15
\inpenc@posthook=\toks16
)
(E:\Users\logan\AppData\Local\Programs\MiKTeX\tex/generic/babel\babel.sty
Package: babel 2020/09/01 3.48 The Babel package

(E:\Users\logan\AppData\Local\Programs\MiKTeX\tex/generic/babel\babel.def
File: babel.def 2020/09/01 3.48 Babel common definitions
\babel@savecnt=\count176
\U@D=\dimen135
\l@babelnohyphens=\language79

(E:\Users\logan\AppData\Local\Programs\MiKTeX\tex/generic/babel\txtbabel.def)
\bbl@readstream=\read2
)
\bbl@dirlevel=\count177

*************************************
* Local config file bblopts.cfg used
*
(E:\Users\logan\AppData\Local\Programs\MiKTeX\tex/latex/arabi\bblopts.cfg
File: bblopts.cfg 2005/09/08 v0.1 add Arabic and Farsi to "declared" options of
 babel
)
(E:\Users\logan\AppData\Local\Programs\MiKTeX\tex/latex/babel-spanish\spanish.l
df
Language: spanish.ldf 2016/03/03 v5.0p Spanish support from the babel system
\es@quottoks=\toks17
\es@quotdepth=\count178
Package babel Info: Making " an active character on input line 561.
Package babel Info: Making . an active character on input line 662.
Package babel Info: Making < an active character on input line 707.
Package babel Info: Making > an active character on input line 707.
))
(E:\Users\logan\AppData\Local\Programs\MiKTeX\tex/latex/amsmath\amsmath.sty
Package: amsmath 2020/01/20 v2.17e AMS math features
\@mathmargin=\skip49

For additional information on amsmath, use the `?' option.
(E:\Users\logan\AppData\Local\Programs\MiKTeX\tex/latex/amsmath\amstext.sty
Package: amstext 2000/06/29 v2.01 AMS text

(E:\Users\logan\AppData\Local\Programs\MiKTeX\tex/latex/amsmath\amsgen.sty
File: amsgen.sty 1999/11/30 v2.0 generic functions
\@emptytoks=\toks18
\ex@=\dimen136
))
(E:\Users\logan\AppData\Local\Programs\MiKTeX\tex/latex/amsmath\amsbsy.sty
Package: amsbsy 1999/11/29 v1.2d Bold Symbols
\pmbraise@=\dimen137
)
(E:\Users\logan\AppData\Local\Programs\MiKTeX\tex/latex/amsmath\amsopn.sty
Package: amsopn 2016/03/08 v2.02 operator names
)
\inf@bad=\count179
LaTeX Info: Redefining \frac on input line 227.
\uproot@=\count180
\leftroot@=\count181
LaTeX Info: Redefining \overline on input line 389.
\classnum@=\count182
\DOTSCASE@=\count183
LaTeX Info: Redefining \ldots on input line 486.
LaTeX Info: Redefining \dots on input line 489.
LaTeX Info: Redefining \cdots on input line 610.
\Mathstrutbox@=\box45
\strutbox@=\box46
\big@size=\dimen138
LaTeX Font Info:    Redeclaring font encoding OML on input line 733.
LaTeX Font Info:    Redeclaring font encoding OMS on input line 734.
\macc@depth=\count184
\c@MaxMatrixCols=\count185
\dotsspace@=\muskip16
\c@parentequation=\count186
\dspbrk@lvl=\count187
\tag@help=\toks19
\row@=\count188
\column@=\count189
\maxfields@=\count190
\andhelp@=\toks20
\eqnshift@=\dimen139
\alignsep@=\dimen140
\tagshift@=\dimen141
\tagwidth@=\dimen142
\totwidth@=\dimen143
\lineht@=\dimen144
\@envbody=\toks21
\multlinegap=\skip50
\multlinetaggap=\skip51
\mathdisplay@stack=\toks22
LaTeX Info: Redefining \[ on input line 2859.
LaTeX Info: Redefining \] on input line 2860.
)
(E:\Users\logan\AppData\Local\Programs\MiKTeX\tex/latex/geometry\geometry.sty
Package: geometry 2020/01/02 v5.9 Page Geometry

(E:\Users\logan\AppData\Local\Programs\MiKTeX\tex/latex/graphics\keyval.sty
Package: keyval 2014/10/28 v1.15 key=value parser (DPC)
\KV@toks@=\toks23
)
(E:\Users\logan\AppData\Local\Programs\MiKTeX\tex/generic/iftex\ifvtex.sty
Package: ifvtex 2019/10/25 v1.7 ifvtex legacy package. Use iftex instead.

(E:\Users\logan\AppData\Local\Programs\MiKTeX\tex/generic/iftex\iftex.sty
Package: iftex 2020/03/06 v1.0d TeX engine tests
))
\Gm@cnth=\count191
\Gm@cntv=\count192
\c@Gm@tempcnt=\count193
\Gm@bindingoffset=\dimen145
\Gm@wd@mp=\dimen146
\Gm@odd@mp=\dimen147
\Gm@even@mp=\dimen148
\Gm@layoutwidth=\dimen149
\Gm@layoutheight=\dimen150
\Gm@layouthoffset=\dimen151
\Gm@layoutvoffset=\dimen152
\Gm@dimlist=\toks24

(E:\Users\logan\AppData\Local\Programs\MiKTeX\tex/latex/geometry\geometry.cfg))
(E:\Users\logan\AppData\Local\Programs\MiKTeX\tex/latex/tools\multicol.sty
Package: multicol 2019/12/09 v1.8y multicolumn formatting (FMi)
\c@tracingmulticols=\count194
\mult@box=\box47
\multicol@leftmargin=\dimen153
\c@unbalance=\count195
\c@collectmore=\count196
\doublecol@number=\count197
\multicoltolerance=\count198
\multicolpretolerance=\count199
\full@width=\dimen154
\page@free=\dimen155
\premulticols=\dimen156
\postmulticols=\dimen157
\multicolsep=\skip52
\multicolbaselineskip=\skip53
\partial@page=\box48
\last@line=\box49
\maxbalancingoverflow=\dimen158
\mult@rightbox=\box50
\mult@grightbox=\box51
\mult@gfirstbox=\box52
\mult@firstbox=\box53
\@tempa=\box54
\@tempa=\box55
\@tempa=\box56
\@tempa=\box57
\@tempa=\box58
\@tempa=\box59
\@tempa=\box60
\@tempa=\box61
\@tempa=\box62
\@tempa=\box63
\@tempa=\box64
\@tempa=\box65
\@tempa=\box66
\@tempa=\box67
\@tempa=\box68
\@tempa=\box69
\@tempa=\box70
\@tempa=\box71
\@tempa=\box72
\@tempa=\box73
\@tempa=\box74
\@tempa=\box75
\@tempa=\box76
\@tempa=\box77
\@tempa=\box78
\@tempa=\box79
\@tempa=\box80
\@tempa=\box81
\@tempa=\box82
\@tempa=\box83
\@tempa=\box84
\@tempa=\box85
\@tempa=\box86
\@tempa=\box87
\@tempa=\box88
\@tempa=\box89
\@tempa=\box90
\c@minrows=\count266
\c@columnbadness=\count267
\c@finalcolumnbadness=\count268
\last@try=\dimen159
\multicolovershoot=\dimen160
\multicolundershoot=\dimen161
\mult@nat@firstbox=\box91
\colbreak@box=\box92
\mc@col@check@num=\count269
)
(E:\Users\logan\AppData\Local\Programs\MiKTeX\tex/latex/amsfonts\amssymb.sty
Package: amssymb 2013/01/14 v3.01 AMS font symbols

(E:\Users\logan\AppData\Local\Programs\MiKTeX\tex/latex/amsfonts\amsfonts.sty
Package: amsfonts 2013/01/14 v3.01 Basic AMSFonts support
\symAMSa=\mathgroup4
\symAMSb=\mathgroup5
LaTeX Font Info:    Redeclaring math symbol \hbar on input line 98.
LaTeX Font Info:    Overwriting math alphabet `\mathfrak' in version `bold'
(Font)                  U/euf/m/n --> U/euf/b/n on input line 106.
)) (E:\Users\logan\AppData\Local\Programs\MiKTeX\tex/latex/hyperref\hyperref.st
y
Package: hyperref 2020-05-15 v7.00e Hypertext links for LaTeX

(E:\Users\logan\AppData\Local\Programs\MiKTeX\tex/generic/ltxcmds\ltxcmds.sty
Package: ltxcmds 2020-05-10 v1.25 LaTeX kernel commands for general use (HO)
)
(E:\Users\logan\AppData\Local\Programs\MiKTeX\tex/generic/pdftexcmds\pdftexcmds
.sty
Package: pdftexcmds 2020-06-27 v0.33 Utility functions of pdfTeX for LuaTeX (HO
)

(E:\Users\logan\AppData\Local\Programs\MiKTeX\tex/generic/infwarerr\infwarerr.s
ty
Package: infwarerr 2019/12/03 v1.5 Providing info/warning/error messages (HO)
)
Package pdftexcmds Info: \pdf@primitive is available.
Package pdftexcmds Info: \pdf@ifprimitive is available.
Package pdftexcmds Info: \pdfdraftmode found.
)
(E:\Users\logan\AppData\Local\Programs\MiKTeX\tex/generic/kvsetkeys\kvsetkeys.s
ty
Package: kvsetkeys 2019/12/15 v1.18 Key value parser (HO)
)
(E:\Users\logan\AppData\Local\Programs\MiKTeX\tex/generic/kvdefinekeys\kvdefine
keys.sty
Package: kvdefinekeys 2019-12-19 v1.6 Define keys (HO)
)
(E:\Users\logan\AppData\Local\Programs\MiKTeX\tex/generic/pdfescape\pdfescape.s
ty
Package: pdfescape 2019/12/09 v1.15 Implements pdfTeX's escape features (HO)
) (E:\Users\logan\AppData\Local\Programs\MiKTeX\tex/latex/hycolor\hycolor.sty
Package: hycolor 2020-01-27 v1.10 Color options for hyperref/bookmark (HO)
)
(E:\Users\logan\AppData\Local\Programs\MiKTeX\tex/latex/letltxmacro\letltxmacro
.sty
Package: letltxmacro 2019/12/03 v1.6 Let assignment for LaTeX macros (HO)
)
(E:\Users\logan\AppData\Local\Programs\MiKTeX\tex/latex/auxhook\auxhook.sty
Package: auxhook 2019-12-17 v1.6 Hooks for auxiliary files (HO)
)
(E:\Users\logan\AppData\Local\Programs\MiKTeX\tex/latex/kvoptions\kvoptions.sty
Package: kvoptions 2020-10-07 v3.14 Key value format for package options (HO)
)
\@linkdim=\dimen162
\Hy@linkcounter=\count270
\Hy@pagecounter=\count271
 (E:\Users\logan\AppData\Local\Programs\MiKTeX\tex/latex/hyperref\pd1enc.def
File: pd1enc.def 2020-05-15 v7.00e Hyperref: PDFDocEncoding definition (HO)
Now handling font encoding PD1 ...
... no UTF-8 mapping file for font encoding PD1
)
(E:\Users\logan\AppData\Local\Programs\MiKTeX\tex/generic/intcalc\intcalc.sty
Package: intcalc 2019/12/15 v1.3 Expandable calculations with integers (HO)
)
(E:\Users\logan\AppData\Local\Programs\MiKTeX\tex/generic/etexcmds\etexcmds.sty
Package: etexcmds 2019/12/15 v1.7 Avoid name clashes with e-TeX commands (HO)
)
\Hy@SavedSpaceFactor=\count272
Package hyperref Info: Hyper figures OFF on input line 4464.
Package hyperref Info: Link nesting OFF on input line 4469.
Package hyperref Info: Hyper index ON on input line 4472.
Package hyperref Info: Plain pages OFF on input line 4479.
Package hyperref Info: Backreferencing OFF on input line 4484.
Package hyperref Info: Implicit mode ON; LaTeX internals redefined.
Package hyperref Info: Bookmarks ON on input line 4717.
\c@Hy@tempcnt=\count273
 (E:\Users\logan\AppData\Local\Programs\MiKTeX\tex/latex/url\url.sty
\Urlmuskip=\muskip17
Package: url 2013/09/16  ver 3.4  Verb mode for urls, etc.
)
LaTeX Info: Redefining \url on input line 5076.
\XeTeXLinkMargin=\dimen163

(E:\Users\logan\AppData\Local\Programs\MiKTeX\tex/generic/bitset\bitset.sty
Package: bitset 2019/12/09 v1.3 Handle bit-vector datatype (HO)

(E:\Users\logan\AppData\Local\Programs\MiKTeX\tex/generic/bigintcalc\bigintcalc
.sty
Package: bigintcalc 2019/12/15 v1.5 Expandable calculations on big integers (HO
)
))
\Fld@menulength=\count274
\Field@Width=\dimen164
\Fld@charsize=\dimen165
Package hyperref Info: Hyper figures OFF on input line 6347.
Package hyperref Info: Link nesting OFF on input line 6352.
Package hyperref Info: Hyper index ON on input line 6355.
Package hyperref Info: backreferencing OFF on input line 6362.
Package hyperref Info: Link coloring OFF on input line 6367.
Package hyperref Info: Link coloring with OCG OFF on input line 6372.
Package hyperref Info: PDF/A mode OFF on input line 6377.
LaTeX Info: Redefining \ref on input line 6417.
LaTeX Info: Redefining \pageref on input line 6421.

(E:\Users\logan\AppData\Local\Programs\MiKTeX\tex/generic/atbegshi\atbegshi.sty
Package: atbegshi 2019/12/05 v1.19 At begin shipout hook (HO)
)
\Hy@abspage=\count275
\c@Item=\count276
\c@Hfootnote=\count277
)
Package hyperref Info: Driver (autodetected): hpdftex.
 (E:\Users\logan\AppData\Local\Programs\MiKTeX\tex/latex/hyperref\hpdftex.def
File: hpdftex.def 2020-05-15 v7.00e Hyperref driver for pdfTeX

(E:\Users\logan\AppData\Local\Programs\MiKTeX\tex/latex/atveryend\atveryend.sty
Package: atveryend 2019-12-11 v1.11 Hooks at the very end of document (HO)
Package atveryend Info: \enddocument detected (standard20110627).
)
\Fld@listcount=\count278
\c@bookmark@seq@number=\count279

(E:\Users\logan\AppData\Local\Programs\MiKTeX\tex/latex/rerunfilecheck\rerunfil
echeck.sty
Package: rerunfilecheck 2019/12/05 v1.9 Rerun checks for auxiliary files (HO)

(E:\Users\logan\AppData\Local\Programs\MiKTeX\tex/generic/uniquecounter\uniquec
ounter.sty
Package: uniquecounter 2019/12/15 v1.4 Provide unlimited unique counter (HO)
)
Package uniquecounter Info: New unique counter `rerunfilecheck' on input line 2
86.
)
\Hy@SectionHShift=\skip54
)
(E:\Users\logan\AppData\Local\Programs\MiKTeX\tex/latex/l3backend\l3backend-pdf
tex.def
File: l3backend-pdftex.def 2020-09-01 L3 backend support: PDF output (pdfTeX)
\l__kernel_color_stack_int=\count280
\l__pdf_internal_box=\box93
) ("Notas de C.aux"
LaTeX Info: Redefining \. on input line 25.
LaTeX Info: Redefining \% on input line 25.
)
\openout1 = `"Notas de C.aux"'.

LaTeX Font Info:    Checking defaults for OML/cmm/m/it on input line 16.
LaTeX Font Info:    ... okay on input line 16.
LaTeX Font Info:    Checking defaults for OMS/cmsy/m/n on input line 16.
LaTeX Font Info:    ... okay on input line 16.
LaTeX Font Info:    Checking defaults for OT1/cmr/m/n on input line 16.
LaTeX Font Info:    ... okay on input line 16.
LaTeX Font Info:    Checking defaults for T1/cmr/m/n on input line 16.
LaTeX Font Info:    ... okay on input line 16.
LaTeX Font Info:    Checking defaults for TS1/cmr/m/n on input line 16.
LaTeX Font Info:    ... okay on input line 16.
LaTeX Font Info:    Checking defaults for OMX/cmex/m/n on input line 16.
LaTeX Font Info:    ... okay on input line 16.
LaTeX Font Info:    Checking defaults for U/cmr/m/n on input line 16.
LaTeX Font Info:    ... okay on input line 16.
LaTeX Font Info:    Checking defaults for PD1/pdf/m/n on input line 16.
LaTeX Font Info:    ... okay on input line 16.
LaTeX Info: Redefining \. on input line 16.
LaTeX Info: Redefining \% on input line 16.

*geometry* driver: auto-detecting
*geometry* detected driver: pdftex
*geometry* verbose mode - [ preamble ] result:
* driver: pdftex
* paper: a4paper
* layout: <same size as paper>
* layoutoffset:(h,v)=(0.0pt,0.0pt)
* modes: 
* h-part:(L,W,R)=(85.35826pt, 426.79135pt, 85.35826pt)
* v-part:(T,H,B)=(85.35826pt, 674.33032pt, 85.35826pt)
* \paperwidth=597.50787pt
* \paperheight=845.04684pt
* \textwidth=426.79135pt
* \textheight=674.33032pt
* \oddsidemargin=13.08827pt
* \evensidemargin=13.08827pt
* \topmargin=-23.91173pt
* \headheight=12.0pt
* \headsep=25.0pt
* \topskip=10.0pt
* \footskip=30.0pt
* \marginparwidth=65.0pt
* \marginparsep=11.0pt
* \columnsep=10.0pt
* \skip\footins=9.0pt plus 4.0pt minus 2.0pt
* \hoffset=0.0pt
* \voffset=0.0pt
* \mag=1000
* \@twocolumnfalse
* \@twosidefalse
* \@mparswitchfalse
* \@reversemarginfalse
* (1in=72.27pt=25.4mm, 1cm=28.453pt)

\AtBeginShipoutBox=\box94
Package hyperref Info: Link coloring OFF on input line 16.
(E:\Users\logan\AppData\Local\Programs\MiKTeX\tex/latex/hyperref\nameref.sty
Package: nameref 2019/09/16 v2.46 Cross-referencing by name of section

(E:\Users\logan\AppData\Local\Programs\MiKTeX\tex/latex/refcount\refcount.sty
Package: refcount 2019/12/15 v3.6 Data extraction from label references (HO)
)
(E:\Users\logan\AppData\Local\Programs\MiKTeX\tex/generic/gettitlestring\gettit
lestring.sty
Package: gettitlestring 2019/12/15 v1.6 Cleanup title references (HO)
)
\c@section@level=\count281
)
LaTeX Info: Redefining \ref on input line 16.
LaTeX Info: Redefining \pageref on input line 16.
LaTeX Info: Redefining \nameref on input line 16.
 ("Notas de C.out") ("Notas de C.out")
\@outlinefile=\write3
\openout3 = `"Notas de C.out"'.

LaTeX Font Info:    Trying to load font information for U+msa on input line 19.


(E:\Users\logan\AppData\Local\Programs\MiKTeX\tex/latex/amsfonts\umsa.fd
File: umsa.fd 2013/01/14 v3.01 AMS symbols A
)
LaTeX Font Info:    Trying to load font information for U+msb on input line 19.


(E:\Users\logan\AppData\Local\Programs\MiKTeX\tex/latex/amsfonts\umsb.fd
File: umsb.fd 2013/01/14 v3.01 AMS symbols B
)
[1

{C:/Users/logan/AppData/Local/MiKTeX/pdftex/config/pdftex.map}] [2] [3]
Underfull \hbox (badness 10000) in paragraph at lines 195--196

 []


Underfull \hbox (badness 10000) in paragraph at lines 202--203

 []


Underfull \hbox (badness 10000) in paragraph at lines 204--205

 []


Underfull \hbox (badness 10000) in paragraph at lines 210--211

 []


Underfull \hbox (badness 10000) in paragraph at lines 214--215

 []


Underfull \hbox (badness 10000) in paragraph at lines 220--221

 []

[4]
Underfull \hbox (badness 10000) in paragraph at lines 234--235

 []


Underfull \hbox (badness 10000) in paragraph at lines 244--245

 []


Underfull \hbox (badness 10000) in paragraph at lines 250--251

 []


Underfull \hbox (badness 10000) in paragraph at lines 254--255

 []


Underfull \hbox (badness 10000) in paragraph at lines 260--261

 []


Underfull \hbox (badness 10000) in paragraph at lines 272--273

 []


Underfull \hbox (badness 10000) in paragraph at lines 274--275

 []

[5]
Underfull \hbox (badness 10000) in paragraph at lines 284--285

 []


Underfull \hbox (badness 10000) in paragraph at lines 333--334

 []


Underfull \hbox (badness 10000) in paragraph at lines 340--341

 []


Underfull \hbox (badness 10000) in paragraph at lines 345--346

 []

[6]
Underfull \hbox (badness 10000) in paragraph at lines 403--405

 []


Underfull \hbox (badness 10000) in paragraph at lines 426--427

 []


Underfull \hbox (badness 10000) in paragraph at lines 428--429

 []


Underfull \hbox (badness 10000) in paragraph at lines 448--449

 []

[7]
Underfull \hbox (badness 10000) in paragraph at lines 466--467

 []


Underfull \hbox (badness 10000) in paragraph at lines 468--469

 []


Underfull \hbox (badness 10000) in paragraph at lines 486--487

 []


Underfull \hbox (badness 10000) in paragraph at lines 492--493

 []


Underfull \hbox (badness 10000) in paragraph at lines 498--499

 []


Underfull \hbox (badness 10000) in paragraph at lines 504--505

 []


Underfull \hbox (badness 10000) in paragraph at lines 510--511

 []


Underfull \hbox (badness 10000) in paragraph at lines 521--522

 []

[8]
Underfull \hbox (badness 10000) in paragraph at lines 529--530

 []


Underfull \hbox (badness 10000) in paragraph at lines 531--532

 []


Underfull \hbox (badness 10000) in paragraph at lines 562--563

 []


Underfull \hbox (badness 10000) in paragraph at lines 568--569

 []


Underfull \hbox (badness 10000) in paragraph at lines 584--585

 []


Underfull \hbox (badness 10000) in paragraph at lines 586--587

 []


Underfull \hbox (badness 10000) in paragraph at lines 588--589

 []


Underfull \hbox (badness 10000) in paragraph at lines 595--596

 []

[9]
Underfull \hbox (badness 10000) in paragraph at lines 607--608

 []


Underfull \hbox (badness 10000) in paragraph at lines 627--628

 []


Underfull \hbox (badness 10000) in paragraph at lines 634--635

 []


Underfull \hbox (badness 10000) in paragraph at lines 636--637

 []


Underfull \hbox (badness 10000) in paragraph at lines 670--671

 []


Underfull \hbox (badness 10000) in paragraph at lines 680--681

 []

[10]
Underfull \hbox (badness 10000) in paragraph at lines 700--701

 []


Underfull \hbox (badness 10000) in paragraph at lines 732--733

 []


Underfull \hbox (badness 10000) in paragraph at lines 772--773

 []

[11]
Underfull \hbox (badness 10000) in paragraph at lines 774--775

 []


Underfull \hbox (badness 10000) in paragraph at lines 792--793

 []


Underfull \hbox (badness 10000) in paragraph at lines 838--839

 []


Underfull \hbox (badness 10000) in paragraph at lines 846--847

 []


Underfull \hbox (badness 10000) in paragraph at lines 850--851

 []

[12]
Underfull \hbox (badness 10000) in paragraph at lines 860--861

 []


Underfull \hbox (badness 10000) in paragraph at lines 870--871

 []


Underfull \hbox (badness 10000) in paragraph at lines 874--875

 []


Underfull \hbox (badness 10000) in paragraph at lines 894--895

 []


Underfull \hbox (badness 10000) in paragraph at lines 908--909

 []


Underfull \hbox (badness 10000) in paragraph at lines 910--911

 []


Underfull \hbox (badness 10000) in paragraph at lines 920--921

 []


Underfull \hbox (badness 10000) in paragraph at lines 922--923

 []

[13]
Underfull \hbox (badness 10000) in paragraph at lines 934--935

 []


Underfull \hbox (badness 10000) in paragraph at lines 938--939

 []


Underfull \hbox (badness 10000) in paragraph at lines 940--941

 []


Underfull \hbox (badness 10000) in paragraph at lines 946--947

 []


Underfull \hbox (badness 10000) in paragraph at lines 948--949

 []


Underfull \hbox (badness 10000) in paragraph at lines 952--953

 []


Underfull \hbox (badness 10000) in paragraph at lines 954--955

 []


Underfull \hbox (badness 10000) in paragraph at lines 960--961

 []

[14]
Underfull \hbox (badness 10000) in paragraph at lines 962--963

 []


Underfull \hbox (badness 10000) in paragraph at lines 964--965

 []


Underfull \hbox (badness 10000) in paragraph at lines 972--973

 []


Underfull \hbox (badness 10000) in paragraph at lines 974--975

 []


Underfull \hbox (badness 10000) in paragraph at lines 988--989

 []


Underfull \hbox (badness 10000) in paragraph at lines 990--991

 []

[15]
Underfull \hbox (badness 10000) in paragraph at lines 1052--1053

 []

[16]
Underfull \hbox (badness 10000) in paragraph at lines 1054--1055

 []


Underfull \hbox (badness 10000) in paragraph at lines 1056--1057

 []


Underfull \hbox (badness 10000) in paragraph at lines 1058--1059

 []


Underfull \hbox (badness 10000) in paragraph at lines 1062--1063

 []


Underfull \hbox (badness 10000) in paragraph at lines 1064--1065

 []


Underfull \hbox (badness 10000) in paragraph at lines 1066--1067

 []


Underfull \hbox (badness 10000) in paragraph at lines 1072--1073

 []


Underfull \hbox (badness 10000) in paragraph at lines 1074--1075

 []


Underfull \hbox (badness 10000) in paragraph at lines 1082--1083

 []


Underfull \hbox (badness 10000) in paragraph at lines 1084--1085

 []


Underfull \hbox (badness 10000) in paragraph at lines 1088--1089

 []


Underfull \hbox (badness 10000) in paragraph at lines 1090--1091

 []

[17]
Underfull \hbox (badness 10000) in paragraph at lines 1096--1097

 []


Underfull \hbox (badness 10000) in paragraph at lines 1098--1099

 []


Underfull \hbox (badness 10000) in paragraph at lines 1106--1107

 []


Underfull \hbox (badness 10000) in paragraph at lines 1114--1115

 []


Underfull \hbox (badness 10000) in paragraph at lines 1125--1126

 []

[18]
Underfull \hbox (badness 10000) in paragraph at lines 1127--1128

 []


Underfull \hbox (badness 10000) in paragraph at lines 1133--1134

 []


Underfull \hbox (badness 10000) in paragraph at lines 1135--1136

 []


Underfull \hbox (badness 10000) in paragraph at lines 1139--1140

 []


Underfull \hbox (badness 10000) in paragraph at lines 1141--1142

 []


Underfull \hbox (badness 10000) in paragraph at lines 1145--1146

 []


Underfull \hbox (badness 10000) in paragraph at lines 1150--1152

 []


Underfull \hbox (badness 10000) in paragraph at lines 1157--1158

 []


Underfull \hbox (badness 10000) in paragraph at lines 1159--1160

 []


Underfull \hbox (badness 10000) in paragraph at lines 1161--1162

 []


Underfull \hbox (badness 10000) in paragraph at lines 1163--1164

 []


Underfull \hbox (badness 10000) in paragraph at lines 1165--1166

 []


Underfull \hbox (badness 10000) in paragraph at lines 1169--1170

 []


Underfull \hbox (badness 10000) in paragraph at lines 1171--1172

 []


Underfull \hbox (badness 10000) in paragraph at lines 1173--1174

 []


Underfull \hbox (badness 10000) in paragraph at lines 1175--1176

 []


Underfull \hbox (badness 10000) in paragraph at lines 1177--1178

 []

[19]
Underfull \hbox (badness 10000) in paragraph at lines 1181--1182

 []


Underfull \hbox (badness 10000) in paragraph at lines 1183--1184

 []


Underfull \hbox (badness 10000) in paragraph at lines 1191--1192

 []


Underfull \hbox (badness 10000) in paragraph at lines 1193--1194

 []


Underfull \hbox (badness 10000) in paragraph at lines 1195--1196

 []


Underfull \hbox (badness 10000) in paragraph at lines 1197--1198

 []


Underfull \hbox (badness 10000) in paragraph at lines 1199--1200

 []


Underfull \hbox (badness 10000) in paragraph at lines 1203--1204

 []


Underfull \hbox (badness 10000) in paragraph at lines 1205--1206

 []


Underfull \hbox (badness 10000) in paragraph at lines 1207--1208

 []


Underfull \hbox (badness 10000) in paragraph at lines 1209--1210

 []


Underfull \hbox (badness 10000) in paragraph at lines 1211--1212

 []


Underfull \hbox (badness 10000) in paragraph at lines 1213--1214

 []


Underfull \hbox (badness 10000) in paragraph at lines 1215--1216

 []


Underfull \hbox (badness 10000) in paragraph at lines 1227--1228

 []


Underfull \hbox (badness 10000) in paragraph at lines 1235--1236

 []

[20]
Underfull \hbox (badness 10000) in paragraph at lines 1239--1240

 []


Underfull \hbox (badness 10000) in paragraph at lines 1241--1242

 []


Underfull \hbox (badness 10000) in paragraph at lines 1243--1244

 []


Underfull \hbox (badness 10000) in paragraph at lines 1245--1246

 []


Underfull \hbox (badness 10000) in paragraph at lines 1247--1248

 []


Underfull \hbox (badness 10000) in paragraph at lines 1249--1250

 []


Underfull \hbox (badness 10000) in paragraph at lines 1251--1252

 []


Underfull \hbox (badness 10000) in paragraph at lines 1253--1254

 []


Underfull \hbox (badness 10000) in paragraph at lines 1255--1256

 []


Underfull \hbox (badness 10000) in paragraph at lines 1259--1260

 []


Underfull \hbox (badness 10000) in paragraph at lines 1263--1264

 []


Underfull \hbox (badness 10000) in paragraph at lines 1265--1266

 []


Underfull \hbox (badness 10000) in paragraph at lines 1267--1268

 []


Underfull \hbox (badness 10000) in paragraph at lines 1271--1272

 []


Underfull \hbox (badness 10000) in paragraph at lines 1273--1274

 []


Underfull \hbox (badness 10000) in paragraph at lines 1277--1278

 []

[21]
Underfull \hbox (badness 10000) in paragraph at lines 1281--1282

 []


Underfull \hbox (badness 10000) in paragraph at lines 1289--1290

 []


Underfull \hbox (badness 10000) in paragraph at lines 1291--1292

 []


Underfull \hbox (badness 10000) in paragraph at lines 1293--1294

 []


Underfull \hbox (badness 10000) in paragraph at lines 1295--1296

 []


Underfull \hbox (badness 10000) in paragraph at lines 1297--1298

 []


Underfull \hbox (badness 10000) in paragraph at lines 1299--1300

 []


Underfull \hbox (badness 10000) in paragraph at lines 1307--1308

 []


Underfull \hbox (badness 10000) in paragraph at lines 1309--1310

 []


Underfull \hbox (badness 10000) in paragraph at lines 1311--1312

 []


Underfull \hbox (badness 10000) in paragraph at lines 1313--1314

 []


Underfull \hbox (badness 10000) in paragraph at lines 1317--1318

 []

[22]
Underfull \hbox (badness 10000) in paragraph at lines 1321--1322

 []


Underfull \hbox (badness 10000) in paragraph at lines 1323--1324

 []


Underfull \hbox (badness 10000) in paragraph at lines 1325--1326

 []


Underfull \hbox (badness 10000) in paragraph at lines 1327--1328

 []


Underfull \hbox (badness 10000) in paragraph at lines 1329--1330

 []


Underfull \hbox (badness 10000) in paragraph at lines 1333--1334

 []


Underfull \hbox (badness 10000) in paragraph at lines 1337--1338

 []


Underfull \hbox (badness 10000) in paragraph at lines 1339--1340

 []


Underfull \hbox (badness 10000) in paragraph at lines 1341--1342

 []


Underfull \hbox (badness 10000) in paragraph at lines 1343--1344

 []


Underfull \hbox (badness 10000) in paragraph at lines 1356--1357

 []


Underfull \hbox (badness 10000) in paragraph at lines 1358--1359

 []


Underfull \hbox (badness 10000) in paragraph at lines 1360--1361

 []

[23]
Underfull \hbox (badness 10000) in paragraph at lines 1426--1427

 []

[24]
Underfull \hbox (badness 10000) in paragraph at lines 1428--1429

 []


Underfull \hbox (badness 10000) in paragraph at lines 1430--1431

 []


Underfull \hbox (badness 10000) in paragraph at lines 1434--1435

 []


Underfull \hbox (badness 10000) in paragraph at lines 1436--1437

 []


Underfull \hbox (badness 10000) in paragraph at lines 1446--1447

 []


Underfull \hbox (badness 10000) in paragraph at lines 1448--1449

 []


Underfull \hbox (badness 10000) in paragraph at lines 1452--1453

 []


Underfull \hbox (badness 10000) in paragraph at lines 1454--1455

 []


Underfull \hbox (badness 10000) in paragraph at lines 1456--1457

 []


Underfull \hbox (badness 10000) in paragraph at lines 1458--1459

 []


Underfull \hbox (badness 10000) in paragraph at lines 1464--1465

 []


Underfull \hbox (badness 10000) in paragraph at lines 1466--1467

 []


Underfull \hbox (badness 10000) in paragraph at lines 1470--1471

 []

[25]
Underfull \hbox (badness 10000) in paragraph at lines 1472--1473

 []


Underfull \hbox (badness 10000) in paragraph at lines 1476--1477

 []


Underfull \hbox (badness 10000) in paragraph at lines 1478--1479

 []


Underfull \hbox (badness 10000) in paragraph at lines 1480--1481

 []


Underfull \hbox (badness 10000) in paragraph at lines 1482--1483

 []


Underfull \hbox (badness 10000) in paragraph at lines 1484--1485

 []


Underfull \hbox (badness 10000) in paragraph at lines 1486--1487

 []


Underfull \hbox (badness 10000) in paragraph at lines 1488--1489

 []


Underfull \hbox (badness 10000) in paragraph at lines 1490--1491

 []


Underfull \hbox (badness 10000) in paragraph at lines 1492--1493

 []


Underfull \hbox (badness 10000) in paragraph at lines 1502--1503

 []


Underfull \hbox (badness 10000) in paragraph at lines 1504--1505

 []

[26]
Underfull \hbox (badness 10000) in paragraph at lines 1526--1527

 []


Underfull \hbox (badness 10000) in paragraph at lines 1528--1529

 []


Underfull \hbox (badness 10000) in paragraph at lines 1555--1556

 []


Underfull \hbox (badness 10000) in paragraph at lines 1557--1558

 []


Underfull \hbox (badness 10000) in paragraph at lines 1559--1560

 []

[27]
Underfull \hbox (badness 10000) in paragraph at lines 1561--1562

 []


Underfull \hbox (badness 10000) in paragraph at lines 1563--1564

 []


Underfull \hbox (badness 10000) in paragraph at lines 1573--1574

 []


Underfull \hbox (badness 10000) in paragraph at lines 1575--1576

 []


Underfull \hbox (badness 10000) in paragraph at lines 1577--1578

 []


Underfull \hbox (badness 10000) in paragraph at lines 1585--1586

 []


Underfull \hbox (badness 10000) in paragraph at lines 1587--1588

 []


Underfull \hbox (badness 10000) in paragraph at lines 1595--1596

 []


Underfull \hbox (badness 10000) in paragraph at lines 1597--1598

 []


Underfull \hbox (badness 10000) in paragraph at lines 1601--1602

 []


Underfull \hbox (badness 10000) in paragraph at lines 1603--1604

 []

[28]
Underfull \hbox (badness 10000) in paragraph at lines 1613--1614

 []


Underfull \hbox (badness 10000) in paragraph at lines 1615--1616

 []


Underfull \hbox (badness 10000) in paragraph at lines 1617--1618

 []


Underfull \hbox (badness 10000) in paragraph at lines 1619--1620

 []


Underfull \hbox (badness 10000) in paragraph at lines 1627--1628

 []


Underfull \hbox (badness 10000) in paragraph at lines 1629--1630

 []


Underfull \hbox (badness 10000) in paragraph at lines 1635--1636

 []


Underfull \hbox (badness 10000) in paragraph at lines 1637--1638

 []


Underfull \hbox (badness 10000) in paragraph at lines 1641--1642

 []

[29]
Underfull \hbox (badness 10000) in paragraph at lines 1643--1644

 []


Underfull \hbox (badness 10000) in paragraph at lines 1649--1650

 []


Underfull \hbox (badness 10000) in paragraph at lines 1651--1652

 []


Underfull \hbox (badness 10000) in paragraph at lines 1653--1654

 []


Underfull \hbox (badness 10000) in paragraph at lines 1655--1656

 []


Underfull \hbox (badness 10000) in paragraph at lines 1657--1658

 []


Underfull \hbox (badness 10000) in paragraph at lines 1659--1660

 []


Underfull \hbox (badness 10000) in paragraph at lines 1663--1664

 []


Underfull \hbox (badness 10000) in paragraph at lines 1665--1666

 []


Underfull \hbox (badness 10000) in paragraph at lines 1667--1668

 []


Underfull \hbox (badness 10000) in paragraph at lines 1669--1670

 []


Underfull \hbox (badness 10000) in paragraph at lines 1671--1672

 []


Underfull \hbox (badness 10000) in paragraph at lines 1673--1674

 []


Underfull \hbox (badness 10000) in paragraph at lines 1677--1678

 []


Underfull \hbox (badness 10000) in paragraph at lines 1681--1682

 []

[30]
Underfull \hbox (badness 10000) in paragraph at lines 1688--1689

 []


Underfull \hbox (badness 10000) in paragraph at lines 1690--1691

 []


Underfull \hbox (badness 10000) in paragraph at lines 1692--1693

 []


Underfull \hbox (badness 10000) in paragraph at lines 1698--1699

 []


Underfull \hbox (badness 10000) in paragraph at lines 1700--1701

 []


Underfull \hbox (badness 10000) in paragraph at lines 1704--1705

 []


Underfull \hbox (badness 10000) in paragraph at lines 1710--1711

 []


Underfull \hbox (badness 10000) in paragraph at lines 1712--1713

 []


Underfull \hbox (badness 10000) in paragraph at lines 1714--1715

 []


Underfull \hbox (badness 10000) in paragraph at lines 1716--1723

 []


Underfull \hbox (badness 10000) in paragraph at lines 1724--1725

 []


Underfull \hbox (badness 10000) in paragraph at lines 1726--1727

 []

[31]
Underfull \hbox (badness 10000) in paragraph at lines 1732--1733

 []


Underfull \hbox (badness 10000) in paragraph at lines 1740--1741

 []


Underfull \hbox (badness 10000) in paragraph at lines 1746--1747

 []


Underfull \hbox (badness 10000) in paragraph at lines 1748--1749

 []


Underfull \hbox (badness 10000) in paragraph at lines 1750--1751

 []


Underfull \hbox (badness 10000) in paragraph at lines 1752--1753

 []


Underfull \hbox (badness 10000) in paragraph at lines 1756--1757

 []


Underfull \hbox (badness 10000) in paragraph at lines 1764--1765

 []


Underfull \hbox (badness 10000) in paragraph at lines 1768--1769

 []


Underfull \hbox (badness 10000) in paragraph at lines 1770--1771

 []


Underfull \hbox (badness 10000) in paragraph at lines 1778--1779

 []


Underfull \hbox (badness 10000) in paragraph at lines 1782--1783

 []

[32]
Underfull \hbox (badness 10000) in paragraph at lines 1786--1787

 []


Underfull \hbox (badness 10000) in paragraph at lines 1788--1789

 []


Underfull \hbox (badness 10000) in paragraph at lines 1794--1795

 []


Underfull \hbox (badness 10000) in paragraph at lines 1796--1797

 []


Underfull \hbox (badness 10000) in paragraph at lines 1812--1813

 []


Underfull \hbox (badness 10000) in paragraph at lines 1814--1815

 []


Underfull \hbox (badness 10000) in paragraph at lines 1818--1819

 []


Underfull \hbox (badness 10000) in paragraph at lines 1820--1821

 []


Underfull \hbox (badness 10000) in paragraph at lines 1822--1823

 []

[33]
Underfull \hbox (badness 10000) in paragraph at lines 1824--1825

 []


Underfull \hbox (badness 10000) in paragraph at lines 1830--1831

 []


Underfull \hbox (badness 10000) in paragraph at lines 1832--1839

 []


Underfull \hbox (badness 10000) in paragraph at lines 1840--1841

 []


Underfull \hbox (badness 10000) in paragraph at lines 1842--1843

 []


Underfull \hbox (badness 10000) in paragraph at lines 1846--1847

 []


Underfull \hbox (badness 10000) in paragraph at lines 1848--1849

 []


Underfull \hbox (badness 10000) in paragraph at lines 1861--1862

 []


Underfull \hbox (badness 10000) in paragraph at lines 1863--1864

 []

[34]
Underfull \hbox (badness 10000) in paragraph at lines 1883--1884

 []


Underfull \hbox (badness 10000) in paragraph at lines 1885--1886

 []


Underfull \hbox (badness 10000) in paragraph at lines 1895--1896

 []

[35]
Underfull \hbox (badness 10000) in paragraph at lines 1897--1898

 []


Underfull \hbox (badness 10000) in paragraph at lines 1899--1900

 []


Underfull \hbox (badness 10000) in paragraph at lines 1907--1908

 []


Underfull \hbox (badness 10000) in paragraph at lines 1909--1910

 []


Underfull \hbox (badness 10000) in paragraph at lines 1911--1912

 []


Underfull \hbox (badness 10000) in paragraph at lines 1917--1918

 []


Underfull \hbox (badness 10000) in paragraph at lines 1921--1922

 []


Underfull \hbox (badness 10000) in paragraph at lines 1923--1924

 []

[36]
Underfull \hbox (badness 10000) in paragraph at lines 1927--1928

 []


Underfull \hbox (badness 10000) in paragraph at lines 1931--1932

 []


Underfull \hbox (badness 10000) in paragraph at lines 1933--1934

 []


Underfull \hbox (badness 10000) in paragraph at lines 1935--1936

 []


Underfull \hbox (badness 10000) in paragraph at lines 1937--1938

 []


Underfull \hbox (badness 10000) in paragraph at lines 1945--1946

 []

LaTeX Font Info:    Trying to load font information for OMS+cmr on input line 1
947.
(E:\Users\logan\AppData\Local\Programs\MiKTeX\tex/latex/base\omscmr.fd
File: omscmr.fd 2019/12/16 v2.5j Standard LaTeX font definitions
)
LaTeX Font Info:    Font shape `OMS/cmr/m/n' in size <10> not available
(Font)              Font shape `OMS/cmsy/m/n' tried instead on input line 1947.


Underfull \hbox (badness 10000) in paragraph at lines 1959--1960

 []


Underfull \hbox (badness 10000) in paragraph at lines 1963--1964

 []


Underfull \hbox (badness 10000) in paragraph at lines 1977--1978

 []

[37]
Underfull \hbox (badness 10000) in paragraph at lines 1979--1980

 []


Underfull \hbox (badness 10000) in paragraph at lines 1993--1994

 []


Underfull \hbox (badness 10000) in paragraph at lines 1997--1998

 []


Underfull \hbox (badness 10000) in paragraph at lines 1999--2000

 []


Underfull \hbox (badness 10000) in paragraph at lines 2001--2002

 []


Underfull \hbox (badness 10000) in paragraph at lines 2003--2004

 []


Underfull \hbox (badness 10000) in paragraph at lines 2009--2010

 []


Underfull \hbox (badness 10000) in paragraph at lines 2013--2014

 []


Underfull \hbox (badness 10000) in paragraph at lines 2015--2016

 []

[38]
Underfull \hbox (badness 10000) in paragraph at lines 2030--2031

 []


Underfull \hbox (badness 10000) in paragraph at lines 2032--2033

 []


Underfull \hbox (badness 10000) in paragraph at lines 2040--2041

 []


Underfull \hbox (badness 10000) in paragraph at lines 2042--2043

 []


Underfull \hbox (badness 10000) in paragraph at lines 2048--2049

 []


Underfull \hbox (badness 10000) in paragraph at lines 2056--2057

 []


Underfull \hbox (badness 10000) in paragraph at lines 2058--2059

 []


Underfull \hbox (badness 10000) in paragraph at lines 2060--2061

 []


Underfull \hbox (badness 10000) in paragraph at lines 2062--2063

 []


Underfull \hbox (badness 10000) in paragraph at lines 2064--2065

 []

LaTeX Font Info:    Trying to load font information for OML+cmr on input line 2
066.
(E:\Users\logan\AppData\Local\Programs\MiKTeX\tex/latex/base\omlcmr.fd
File: omlcmr.fd 2019/12/16 v2.5j Standard LaTeX font definitions
)
LaTeX Font Info:    Font shape `OML/cmr/m/n' in size <10> not available
(Font)              Font shape `OML/cmm/m/it' tried instead on input line 2066.


Underfull \hbox (badness 10000) in paragraph at lines 2066--2067

 []


Underfull \hbox (badness 10000) in paragraph at lines 2068--2069

 []


Underfull \hbox (badness 10000) in paragraph at lines 2070--2071

 []

[39]
Underfull \hbox (badness 10000) in paragraph at lines 2072--2073

 []


Underfull \hbox (badness 10000) in paragraph at lines 2074--2075

 []


Underfull \hbox (badness 10000) in paragraph at lines 2101--2102

 []


Underfull \hbox (badness 10000) in paragraph at lines 2103--2104

 []


Underfull \hbox (badness 10000) in paragraph at lines 2107--2108

 []


Underfull \hbox (badness 10000) in paragraph at lines 2109--2110

 []


Underfull \hbox (badness 10000) in paragraph at lines 2113--2114

 []


Underfull \hbox (badness 10000) in paragraph at lines 2115--2116

 []


Underfull \hbox (badness 10000) in paragraph at lines 2117--2118

 []


Underfull \hbox (badness 10000) in paragraph at lines 2119--2120

 []


Underfull \hbox (badness 10000) in paragraph at lines 2123--2124

 []


Underfull \hbox (badness 10000) in paragraph at lines 2125--2126

 []


Underfull \hbox (badness 10000) in paragraph at lines 2129--2130

 []

[40]
Underfull \hbox (badness 10000) in paragraph at lines 2137--2138

 []


Underfull \hbox (badness 10000) in paragraph at lines 2139--2140

 []


Underfull \hbox (badness 10000) in paragraph at lines 2141--2142

 []


Underfull \hbox (badness 10000) in paragraph at lines 2143--2144

 []


Underfull \hbox (badness 10000) in paragraph at lines 2151--2152

 []


Underfull \hbox (badness 10000) in paragraph at lines 2154--2155

 []


Underfull \hbox (badness 10000) in paragraph at lines 2156--2157

 []


Underfull \hbox (badness 10000) in paragraph at lines 2168--2169

 []


Underfull \hbox (badness 10000) in paragraph at lines 2180--2181

 []


Underfull \hbox (badness 10000) in paragraph at lines 2182--2183

 []


Underfull \hbox (badness 10000) in paragraph at lines 2184--2185

 []

[41]
Underfull \hbox (badness 10000) in paragraph at lines 2208--2209

 []


Underfull \hbox (badness 10000) in paragraph at lines 2219--2220

 []


Underfull \hbox (badness 10000) in paragraph at lines 2233--2234

 []


Underfull \hbox (badness 10000) in paragraph at lines 2239--2240

 []


Underfull \hbox (badness 10000) in paragraph at lines 2247--2248

 []


Underfull \hbox (badness 10000) in paragraph at lines 2249--2250

 []


Underfull \hbox (badness 10000) in paragraph at lines 2251--2252

 []


Underfull \hbox (badness 10000) in paragraph at lines 2257--2258

 []

[42]
Underfull \hbox (badness 10000) in paragraph at lines 2264--2265

 []


Underfull \hbox (badness 10000) in paragraph at lines 2272--2273

 []


Underfull \hbox (badness 10000) in paragraph at lines 2276--2277

 []


Underfull \hbox (badness 10000) in paragraph at lines 2282--2283

 []

LaTeX Font Info:    Font shape `OMS/cmr/m/it' in size <10> not available
(Font)              Font shape `OMS/cmsy/m/n' tried instead on input line 2284.


Underfull \hbox (badness 10000) in paragraph at lines 2284--2285

 []


Underfull \hbox (badness 10000) in paragraph at lines 2286--2287

 []


Underfull \hbox (badness 10000) in paragraph at lines 2288--2289

 []


Underfull \hbox (badness 10000) in paragraph at lines 2290--2291

 []


Underfull \hbox (badness 10000) in paragraph at lines 2292--2293

 []


Underfull \hbox (badness 10000) in paragraph at lines 2294--2295

 []


Underfull \hbox (badness 10000) in paragraph at lines 2298--2299

 []


Underfull \hbox (badness 10000) in paragraph at lines 2300--2301

 []


Underfull \hbox (badness 10000) in paragraph at lines 2302--2303

 []

[43]
Underfull \hbox (badness 10000) in paragraph at lines 2310--2311

 []


Underfull \hbox (badness 10000) in paragraph at lines 2312--2313

 []


Underfull \hbox (badness 10000) in paragraph at lines 2318--2319

 []


Underfull \hbox (badness 10000) in paragraph at lines 2322--2323

 []


Underfull \hbox (badness 10000) in paragraph at lines 2332--2333

 []


Underfull \hbox (badness 10000) in paragraph at lines 2334--2335

 []


Underfull \hbox (badness 10000) in paragraph at lines 2346--2347

 []


Underfull \hbox (badness 10000) in paragraph at lines 2348--2358

 []

[44] [45]
Underfull \hbox (badness 10000) in paragraph at lines 2382--2383

 []


Underfull \hbox (badness 10000) in paragraph at lines 2384--2385

 []


Underfull \hbox (badness 10000) in paragraph at lines 2386--2387

 []


Underfull \hbox (badness 10000) in paragraph at lines 2388--2389

 []


Underfull \hbox (badness 10000) in paragraph at lines 2390--2391

 []


Underfull \hbox (badness 10000) in paragraph at lines 2402--2403

 []


Underfull \hbox (badness 10000) in paragraph at lines 2406--2407

 []


Underfull \hbox (badness 10000) in paragraph at lines 2408--2409

 []


Underfull \hbox (badness 10000) in paragraph at lines 2410--2411

 []


Underfull \hbox (badness 10000) in paragraph at lines 2412--2413

 []


Underfull \hbox (badness 10000) in paragraph at lines 2414--2415

 []


Underfull \hbox (badness 10000) in paragraph at lines 2416--2417

 []


Underfull \hbox (badness 10000) in paragraph at lines 2418--2419

 []


Underfull \hbox (badness 10000) in paragraph at lines 2420--2421

 []

[46

]
Underfull \hbox (badness 10000) in paragraph at lines 2422--2423

 []


Underfull \hbox (badness 10000) in paragraph at lines 2424--2425

 []


Underfull \hbox (badness 10000) in paragraph at lines 2426--2427

 []


Underfull \hbox (badness 10000) in paragraph at lines 2428--2429

 []


Underfull \hbox (badness 10000) in paragraph at lines 2438--2439

 []


Underfull \hbox (badness 10000) in paragraph at lines 2442--2443

 []


Underfull \hbox (badness 10000) in paragraph at lines 2446--2447

 []


Underfull \hbox (badness 10000) in paragraph at lines 2448--2449

 []


Underfull \hbox (badness 10000) in paragraph at lines 2450--2451

 []


Underfull \hbox (badness 10000) in paragraph at lines 2454--2455

 []


Underfull \hbox (badness 10000) in paragraph at lines 2456--2457

 []


Underfull \hbox (badness 10000) in paragraph at lines 2462--2463

 []


Underfull \hbox (badness 10000) in paragraph at lines 2464--2465

 []


Underfull \hbox (badness 10000) in paragraph at lines 2466--2467

 []


Underfull \hbox (badness 10000) in paragraph at lines 2471--2472

 []

[47]
Underfull \hbox (badness 10000) in paragraph at lines 2473--2474

 []


Underfull \hbox (badness 10000) in paragraph at lines 2477--2478

 []


Underfull \hbox (badness 10000) in paragraph at lines 2479--2480

 []


Underfull \hbox (badness 10000) in paragraph at lines 2512--2513

 []


Underfull \hbox (badness 10000) in paragraph at lines 2519--2520

 []


Underfull \hbox (badness 10000) in paragraph at lines 2521--2522

 []

[48]
Overfull \hbox (19.2927pt too wide) in paragraph at lines 2543--2544
[]\OT1/cmr/m/n/10 printf$($``El pe-so de$ $%s es$ $%.2f kg y tiene$ $%d me-ses 
$\OMS/cmsy/m/n/10 n$\OT1/cmr/m/n/10 n",perro2.nombre,perro2.peso,perro2.edadmes
es); 
 []


Underfull \hbox (badness 10000) in paragraph at lines 2551--2552

 []


Underfull \hbox (badness 10000) in paragraph at lines 2610--2611

 []


Underfull \hbox (badness 10000) in paragraph at lines 2612--2613

 []

[49]
Underfull \hbox (badness 10000) in paragraph at lines 2688--2689

 []


Underfull \hbox (badness 10000) in paragraph at lines 2697--2698

 []


Underfull \hbox (badness 10000) in paragraph at lines 2699--2700

 []


Underfull \hbox (badness 10000) in paragraph at lines 2701--2702

 []

[50]
Underfull \hbox (badness 10000) in paragraph at lines 2729--2730

 []


Underfull \hbox (badness 10000) in paragraph at lines 2732--2733

 []


Underfull \hbox (badness 10000) in paragraph at lines 2796--2797

 []

[51]
Underfull \hbox (badness 10000) in paragraph at lines 2808--2809

 []


Underfull \hbox (badness 10000) in paragraph at lines 2810--2811

 []


Underfull \hbox (badness 10000) in paragraph at lines 2880--2881

 []


Underfull \hbox (badness 10000) in paragraph at lines 2882--2883

 []

[52]
Underfull \hbox (badness 10000) in paragraph at lines 2884--2885

 []

Package atveryend Info: Empty hook `BeforeClearDocument' on input line 2966.
[53]
Package atveryend Info: Empty hook `AfterLastShipout' on input line 2966.
 ("Notas de C.aux"
LaTeX Info: Redefining \. on input line 25.
LaTeX Info: Redefining \% on input line 25.
)
Package atveryend Info: Executing hook `AtVeryEndDocument' on input line 2966.
Package atveryend Info: Executing hook `AtEndAfterFileList' on input line 2966.

Package rerunfilecheck Info: File `"Notas de C".out' has not changed.
(rerunfilecheck)             Checksum: 72B97DC47D2DA77D8779C5C8EE25A84B;12124.
Package atveryend Info: Empty hook `AtVeryVeryEnd' on input line 2966.
 ) 
Here is how much of TeX's memory you used:
 7710 strings out of 481199
 115869 string characters out of 2905595
 404920 words of memory out of 3000000
 22975 multiletter control sequences out of 15000+200000
 545484 words of font info for 68 fonts, out of 3000000 for 9000
 1141 hyphenation exceptions out of 8191
 43i,8n,37p,1126b,410s stack positions out of 5000i,500n,10000p,200000b,50000s
 <C:\Users\logan\AppData\Local\MiKTeX\fonts/pk/ljfour/jknappen/ec/dpi600\tcrm
1000.pk><E:/Users/logan/AppData/Local/Programs/MiKTeX/fonts/type1/public/amsfon
ts/cm/cmbx10.pfb><E:/Users/logan/AppData/Local/Programs/MiKTeX/fonts/type1/publ
ic/amsfonts/cm/cmbx12.pfb><E:/Users/logan/AppData/Local/Programs/MiKTeX/fonts/t
ype1/public/amsfonts/cm/cmbx9.pfb><E:/Users/logan/AppData/Local/Programs/MiKTeX
/fonts/type1/public/amsfonts/cm/cmbxti10.pfb><E:/Users/logan/AppData/Local/Prog
rams/MiKTeX/fonts/type1/public/amsfonts/cm/cmmi10.pfb><E:/Users/logan/AppData/L
ocal/Programs/MiKTeX/fonts/type1/public/amsfonts/cm/cmr10.pfb><E:/Users/logan/A
ppData/Local/Programs/MiKTeX/fonts/type1/public/amsfonts/cm/cmr12.pfb><E:/Users
/logan/AppData/Local/Programs/MiKTeX/fonts/type1/public/amsfonts/cm/cmr17.pfb><
E:/Users/logan/AppData/Local/Programs/MiKTeX/fonts/type1/public/amsfonts/cm/cmr
7.pfb><E:/Users/logan/AppData/Local/Programs/MiKTeX/fonts/type1/public/amsfonts
/cm/cmr9.pfb><E:/Users/logan/AppData/Local/Programs/MiKTeX/fonts/type1/public/a
msfonts/cm/cmsy10.pfb><E:/Users/logan/AppData/Local/Programs/MiKTeX/fonts/type1
/public/amsfonts/cm/cmti10.pfb><E:/Users/logan/AppData/Local/Programs/MiKTeX/fo
nts/type1/public/amsfonts/cm/cmtt10.pfb>
Output written on "Notas de C.pdf" (53 pages, 391178 bytes).
PDF statistics:
 987 PDF objects out of 1000 (max. 8388607)
 217 named destinations out of 1000 (max. 500000)
 1305 words of extra memory for PDF output out of 10000 (max. 10000000)

